2025-12-20T18:53:18.003+0100 [DEBUG] sdk.helper_resource: Starting TestCase: test_name=TestAccRequestDataSource_basic
2025-12-20T18:53:18.003+0100 [DEBUG] sdk.helper_resource: Found Terraform CLI: test_name=TestAccRequestDataSource_basic test_terraform_path=/usr/local/bin/terraform
2025-12-20T18:53:18.065+0100 [DEBUG] sdk.helper_resource: Starting TestStep: test_terraform_path=/usr/local/bin/terraform test_working_directory=/tmp/plugintest4287866520 test_step_number=1 test_name=TestAccRequestDataSource_basic
2025-12-20T18:53:18.065+0100 [DEBUG] sdk.helper_resource: Running Terraform CLI plan and apply: test_terraform_path=/usr/local/bin/terraform test_working_directory=/tmp/plugintest4287866520 test_step_number=1 test_name=TestAccRequestDataSource_basic
2025-12-20T18:53:18.098+0100 [DEBUG] sdk.framework: Value switched to prior value due to semantic equality logic: tf_rpc=ReadDataSource tf_attribute_path=url tf_req_id=badf51b3-300a-f266-4d1d-5cd7f26ec9b3 tf_data_source_type=httpclient_request tf_provider_addr=registry.terraform.io/hashicorp/httpclient
2025-12-20T18:53:18.160+0100 [DEBUG] sdk.helper_resource: Running Terraform CLI plan to check for perpetual differences: test_terraform_path=/usr/local/bin/terraform test_working_directory=/tmp/plugintest4287866520 test_step_number=1 test_name=TestAccRequestDataSource_basic
2025-12-20T18:53:18.188+0100 [DEBUG] sdk.framework: Value switched to prior value due to semantic equality logic: tf_provider_addr=registry.terraform.io/hashicorp/httpclient tf_rpc=ReadDataSource tf_req_id=aed7af85-ce90-c3ce-dc8c-89d52cbef756 tf_data_source_type=httpclient_request tf_attribute_path=url
2025-12-20T18:53:18.246+0100 [DEBUG] sdk.framework: Value switched to prior value due to semantic equality logic: tf_attribute_path=url tf_req_id=b9edc62d-d1b7-7f2f-4214-869480ff6b35 tf_provider_addr=registry.terraform.io/hashicorp/httpclient tf_rpc=ReadDataSource tf_data_source_type=httpclient_request
2025-12-20T18:53:18.278+0100 [DEBUG] sdk.helper_resource: Finished TestStep: test_step_number=1 test_name=TestAccRequestDataSource_basic test_terraform_path=/usr/local/bin/terraform test_working_directory=/tmp/plugintest4287866520
2025-12-20T18:53:18.333+0100 [DEBUG] sdk.helper_resource: Finished TestCase: test_name=TestAccRequestDataSource_basic
2025-12-20T18:53:18.333+0100 [DEBUG] sdk.helper_resource: Starting TestCase: test_name=TestAccRequestDataSource_postMethod
2025-12-20T18:53:18.333+0100 [DEBUG] sdk.helper_resource: Found Terraform CLI: test_name=TestAccRequestDataSource_postMethod test_terraform_path=/usr/local/bin/terraform
2025-12-20T18:53:18.390+0100 [DEBUG] sdk.helper_resource: Starting TestStep: test_terraform_path=/usr/local/bin/terraform test_working_directory=/tmp/plugintest1021625420 test_name=TestAccRequestDataSource_postMethod test_step_number=1
2025-12-20T18:53:18.390+0100 [DEBUG] sdk.helper_resource: Running Terraform CLI plan and apply: test_step_number=1 test_terraform_path=/usr/local/bin/terraform test_working_directory=/tmp/plugintest1021625420 test_name=TestAccRequestDataSource_postMethod
2025-12-20T18:53:18.416+0100 [DEBUG] sdk.framework: Value switched to prior value due to semantic equality logic: tf_data_source_type=httpclient_request tf_req_id=7f26fbb3-50cf-3e84-1e81-f089c8bb7347 tf_provider_addr=registry.terraform.io/hashicorp/httpclient tf_rpc=ReadDataSource tf_attribute_path=url
2025-12-20T18:53:18.416+0100 [DEBUG] sdk.framework: Value switched to prior value due to semantic equality logic: tf_data_source_type=httpclient_request tf_attribute_path=request_method tf_req_id=7f26fbb3-50cf-3e84-1e81-f089c8bb7347 tf_provider_addr=registry.terraform.io/hashicorp/httpclient tf_rpc=ReadDataSource
2025-12-20T18:53:18.416+0100 [DEBUG] sdk.framework: Value switched to prior value due to semantic equality logic: tf_req_id=7f26fbb3-50cf-3e84-1e81-f089c8bb7347 tf_provider_addr=registry.terraform.io/hashicorp/httpclient tf_rpc=ReadDataSource tf_data_source_type=httpclient_request tf_attribute_path=request_body
2025-12-20T18:53:18.470+0100 [DEBUG] sdk.helper_resource: Running Terraform CLI plan to check for perpetual differences: test_terraform_path=/usr/local/bin/terraform test_working_directory=/tmp/plugintest1021625420 test_name=TestAccRequestDataSource_postMethod test_step_number=1
2025-12-20T18:53:18.495+0100 [DEBUG] sdk.framework: Value switched to prior value due to semantic equality logic: tf_req_id=44422ed0-29df-690d-e705-c73d77db1e36 tf_attribute_path=request_body tf_provider_addr=registry.terraform.io/hashicorp/httpclient tf_rpc=ReadDataSource tf_data_source_type=httpclient_request
2025-12-20T18:53:18.495+0100 [DEBUG] sdk.framework: Value switched to prior value due to semantic equality logic: tf_rpc=ReadDataSource tf_data_source_type=httpclient_request tf_req_id=44422ed0-29df-690d-e705-c73d77db1e36 tf_provider_addr=registry.terraform.io/hashicorp/httpclient tf_attribute_path=url
2025-12-20T18:53:18.495+0100 [DEBUG] sdk.framework: Value switched to prior value due to semantic equality logic: tf_attribute_path=request_method tf_provider_addr=registry.terraform.io/hashicorp/httpclient tf_rpc=ReadDataSource tf_data_source_type=httpclient_request tf_req_id=44422ed0-29df-690d-e705-c73d77db1e36
2025-12-20T18:53:18.560+0100 [DEBUG] sdk.framework: Value switched to prior value due to semantic equality logic: tf_attribute_path=url tf_req_id=6ad2d4c6-638b-19e9-0319-d29faadab5aa tf_rpc=ReadDataSource tf_data_source_type=httpclient_request tf_provider_addr=registry.terraform.io/hashicorp/httpclient
2025-12-20T18:53:18.560+0100 [DEBUG] sdk.framework: Value switched to prior value due to semantic equality logic: tf_attribute_path=request_method tf_rpc=ReadDataSource tf_data_source_type=httpclient_request tf_provider_addr=registry.terraform.io/hashicorp/httpclient tf_req_id=6ad2d4c6-638b-19e9-0319-d29faadab5aa
2025-12-20T18:53:18.560+0100 [DEBUG] sdk.framework: Value switched to prior value due to semantic equality logic: tf_rpc=ReadDataSource tf_data_source_type=httpclient_request tf_provider_addr=registry.terraform.io/hashicorp/httpclient tf_attribute_path=request_body tf_req_id=6ad2d4c6-638b-19e9-0319-d29faadab5aa
2025-12-20T18:53:18.589+0100 [DEBUG] sdk.helper_resource: Finished TestStep: test_terraform_path=/usr/local/bin/terraform test_working_directory=/tmp/plugintest1021625420 test_name=TestAccRequestDataSource_postMethod test_step_number=1
2025-12-20T18:53:18.646+0100 [DEBUG] sdk.helper_resource: Finished TestCase: test_name=TestAccRequestDataSource_postMethod
2025-12-20T18:53:18.646+0100 [DEBUG] sdk.helper_resource: Starting TestCase: test_name=TestAccRequestDataSource_headers
2025-12-20T18:53:18.646+0100 [DEBUG] sdk.helper_resource: Found Terraform CLI: test_terraform_path=/usr/local/bin/terraform test_name=TestAccRequestDataSource_headers
2025-12-20T18:53:18.703+0100 [DEBUG] sdk.helper_resource: Starting TestStep: test_terraform_path=/usr/local/bin/terraform test_step_number=1 test_working_directory=/tmp/plugintest3168931233 test_name=TestAccRequestDataSource_headers
2025-12-20T18:53:18.703+0100 [DEBUG] sdk.helper_resource: Running Terraform CLI plan and apply: test_working_directory=/tmp/plugintest3168931233 test_name=TestAccRequestDataSource_headers test_terraform_path=/usr/local/bin/terraform test_step_number=1
2025-12-20T18:53:18.737+0100 [DEBUG] sdk.framework: Value switched to prior value due to semantic equality logic: tf_attribute_path=url tf_provider_addr=registry.terraform.io/hashicorp/httpclient tf_rpc=ReadDataSource tf_data_source_type=httpclient_request tf_req_id=fec4fc97-944e-30a3-dd7c-3ff8362d8be4
2025-12-20T18:53:18.737+0100 [DEBUG] sdk.framework: Value switched to prior value due to semantic equality logic: tf_provider_addr=registry.terraform.io/hashicorp/httpclient tf_attribute_path="request_headers[\"X-Test\"]" tf_rpc=ReadDataSource tf_data_source_type=httpclient_request tf_req_id=fec4fc97-944e-30a3-dd7c-3ff8362d8be4
2025-12-20T18:53:18.737+0100 [DEBUG] sdk.framework: Value switched to prior value due to semantic equality logic: tf_rpc=ReadDataSource tf_data_source_type=httpclient_request tf_req_id=fec4fc97-944e-30a3-dd7c-3ff8362d8be4 tf_provider_addr=registry.terraform.io/hashicorp/httpclient tf_attribute_path=request_headers
2025-12-20T18:53:18.792+0100 [DEBUG] sdk.helper_resource: Running Terraform CLI plan to check for perpetual differences: test_working_directory=/tmp/plugintest3168931233 test_name=TestAccRequestDataSource_headers test_terraform_path=/usr/local/bin/terraform test_step_number=1
2025-12-20T18:53:18.821+0100 [DEBUG] sdk.framework: Value switched to prior value due to semantic equality logic: tf_attribute_path="request_headers[\"X-Test\"]" tf_req_id=0367da10-6247-fcb1-3183-6b1399da15a6 tf_provider_addr=registry.terraform.io/hashicorp/httpclient tf_rpc=ReadDataSource tf_data_source_type=httpclient_request
2025-12-20T18:53:18.821+0100 [DEBUG] sdk.framework: Value switched to prior value due to semantic equality logic: tf_attribute_path=request_headers tf_req_id=0367da10-6247-fcb1-3183-6b1399da15a6 tf_provider_addr=registry.terraform.io/hashicorp/httpclient tf_rpc=ReadDataSource tf_data_source_type=httpclient_request
2025-12-20T18:53:18.821+0100 [DEBUG] sdk.framework: Value switched to prior value due to semantic equality logic: tf_rpc=ReadDataSource tf_data_source_type=httpclient_request tf_attribute_path=url tf_req_id=0367da10-6247-fcb1-3183-6b1399da15a6 tf_provider_addr=registry.terraform.io/hashicorp/httpclient
2025-12-20T18:53:18.878+0100 [DEBUG] sdk.framework: Value switched to prior value due to semantic equality logic: tf_provider_addr=registry.terraform.io/hashicorp/httpclient tf_rpc=ReadDataSource tf_data_source_type=httpclient_request tf_req_id=aa4e1da5-2558-bd39-cd5d-7a32096de769 tf_attribute_path="request_headers[\"X-Test\"]"
2025-12-20T18:53:18.878+0100 [DEBUG] sdk.framework: Value switched to prior value due to semantic equality logic: tf_provider_addr=registry.terraform.io/hashicorp/httpclient tf_rpc=ReadDataSource tf_data_source_type=httpclient_request tf_req_id=aa4e1da5-2558-bd39-cd5d-7a32096de769 tf_attribute_path=request_headers
2025-12-20T18:53:18.878+0100 [DEBUG] sdk.framework: Value switched to prior value due to semantic equality logic: tf_data_source_type=httpclient_request tf_req_id=aa4e1da5-2558-bd39-cd5d-7a32096de769 tf_attribute_path=url tf_provider_addr=registry.terraform.io/hashicorp/httpclient tf_rpc=ReadDataSource
2025-12-20T18:53:18.909+0100 [DEBUG] sdk.helper_resource: Finished TestStep: test_step_number=1 test_working_directory=/tmp/plugintest3168931233 test_name=TestAccRequestDataSource_headers test_terraform_path=/usr/local/bin/terraform
2025-12-20T18:53:18.958+0100 [DEBUG] sdk.helper_resource: Finished TestCase: test_name=TestAccRequestDataSource_headers
2025-12-20T18:53:18.958+0100 [DEBUG] sdk.helper_resource: Starting TestCase: test_name=TestAccRequestDataSource_basicAuth
2025-12-20T18:53:18.959+0100 [DEBUG] sdk.helper_resource: Found Terraform CLI: test_terraform_path=/usr/local/bin/terraform test_name=TestAccRequestDataSource_basicAuth
2025-12-20T18:53:19.016+0100 [DEBUG] sdk.helper_resource: Starting TestStep: test_step_number=1 test_name=TestAccRequestDataSource_basicAuth test_terraform_path=/usr/local/bin/terraform test_working_directory=/tmp/plugintest2310414725
2025-12-20T18:53:19.016+0100 [DEBUG] sdk.helper_resource: Running Terraform CLI plan and apply: test_terraform_path=/usr/local/bin/terraform test_working_directory=/tmp/plugintest2310414725 test_step_number=1 test_name=TestAccRequestDataSource_basicAuth
2025-12-20T18:53:19.049+0100 [DEBUG] sdk.framework: Value switched to prior value due to semantic equality logic: tf_data_source_type=httpclient_request tf_attribute_path=username tf_req_id=07ad90dc-8b05-d91c-9039-c90822aa510a tf_provider_addr=registry.terraform.io/hashicorp/httpclient tf_rpc=ReadDataSource
2025-12-20T18:53:19.050+0100 [DEBUG] sdk.framework: Value switched to prior value due to semantic equality logic: tf_rpc=ReadDataSource tf_data_source_type=httpclient_request tf_req_id=07ad90dc-8b05-d91c-9039-c90822aa510a tf_attribute_path=url tf_provider_addr=registry.terraform.io/hashicorp/httpclient
2025-12-20T18:53:19.050+0100 [DEBUG] sdk.framework: Value switched to prior value due to semantic equality logic: tf_provider_addr=registry.terraform.io/hashicorp/httpclient tf_rpc=ReadDataSource tf_data_source_type=httpclient_request tf_attribute_path=password tf_req_id=07ad90dc-8b05-d91c-9039-c90822aa510a
2025-12-20T18:53:19.111+0100 [DEBUG] sdk.helper_resource: Running Terraform CLI plan to check for perpetual differences: test_step_number=1 test_name=TestAccRequestDataSource_basicAuth test_terraform_path=/usr/local/bin/terraform test_working_directory=/tmp/plugintest2310414725
2025-12-20T18:53:19.146+0100 [DEBUG] sdk.framework: Value switched to prior value due to semantic equality logic: tf_req_id=20f6ced6-1653-a0a5-be56-7dd7d4c3ee1a tf_data_source_type=httpclient_request tf_provider_addr=registry.terraform.io/hashicorp/httpclient tf_attribute_path=username tf_rpc=ReadDataSource
2025-12-20T18:53:19.146+0100 [DEBUG] sdk.framework: Value switched to prior value due to semantic equality logic: tf_provider_addr=registry.terraform.io/hashicorp/httpclient tf_rpc=ReadDataSource tf_req_id=20f6ced6-1653-a0a5-be56-7dd7d4c3ee1a tf_attribute_path=password tf_data_source_type=httpclient_request
2025-12-20T18:53:19.146+0100 [DEBUG] sdk.framework: Value switched to prior value due to semantic equality logic: tf_req_id=20f6ced6-1653-a0a5-be56-7dd7d4c3ee1a tf_data_source_type=httpclient_request tf_attribute_path=url tf_provider_addr=registry.terraform.io/hashicorp/httpclient tf_rpc=ReadDataSource
2025-12-20T18:53:19.203+0100 [DEBUG] sdk.framework: Value switched to prior value due to semantic equality logic: tf_attribute_path=password tf_req_id=b298a922-b74f-a8bc-e7d1-7ceba13eeff1 tf_rpc=ReadDataSource tf_data_source_type=httpclient_request tf_provider_addr=registry.terraform.io/hashicorp/httpclient
2025-12-20T18:53:19.203+0100 [DEBUG] sdk.framework: Value switched to prior value due to semantic equality logic: tf_data_source_type=httpclient_request tf_attribute_path=username tf_provider_addr=registry.terraform.io/hashicorp/httpclient tf_req_id=b298a922-b74f-a8bc-e7d1-7ceba13eeff1 tf_rpc=ReadDataSource
2025-12-20T18:53:19.203+0100 [DEBUG] sdk.framework: Value switched to prior value due to semantic equality logic: tf_attribute_path=url tf_provider_addr=registry.terraform.io/hashicorp/httpclient tf_req_id=b298a922-b74f-a8bc-e7d1-7ceba13eeff1 tf_rpc=ReadDataSource tf_data_source_type=httpclient_request
2025-12-20T18:53:19.236+0100 [DEBUG] sdk.helper_resource: Finished TestStep: test_name=TestAccRequestDataSource_basicAuth test_terraform_path=/usr/local/bin/terraform test_working_directory=/tmp/plugintest2310414725 test_step_number=1
2025-12-20T18:53:19.293+0100 [DEBUG] sdk.helper_resource: Finished TestCase: test_name=TestAccRequestDataSource_basicAuth
2025-12-20T18:54:04.312+0100 [DEBUG] sdk.helper_resource: Starting TestCase: test_name=TestAccRequestDataSource_basic
2025-12-20T18:54:04.312+0100 [DEBUG] sdk.helper_resource: Found Terraform CLI: test_name=TestAccRequestDataSource_basic test_terraform_path=/usr/local/bin/terraform
2025-12-20T18:54:04.388+0100 [DEBUG] sdk.helper_resource: Starting TestStep: test_terraform_path=/usr/local/bin/terraform test_working_directory=/tmp/plugintest2813131034 test_step_number=1 test_name=TestAccRequestDataSource_basic
2025-12-20T18:54:04.388+0100 [DEBUG] sdk.helper_resource: Running Terraform CLI plan and apply: test_name=TestAccRequestDataSource_basic test_terraform_path=/usr/local/bin/terraform test_working_directory=/tmp/plugintest2813131034 test_step_number=1
2025-12-20T18:54:04.426+0100 [DEBUG] sdk.framework: Value switched to prior value due to semantic equality logic: tf_attribute_path=url tf_provider_addr=registry.terraform.io/hashicorp/httpclient tf_rpc=ReadDataSource tf_req_id=203c713d-d3a5-a2a4-50d4-fba31a0e775f tf_data_source_type=httpclient_request
2025-12-20T18:54:04.493+0100 [DEBUG] sdk.helper_resource: Running Terraform CLI plan to check for perpetual differences: test_name=TestAccRequestDataSource_basic test_terraform_path=/usr/local/bin/terraform test_working_directory=/tmp/plugintest2813131034 test_step_number=1
2025-12-20T18:54:04.522+0100 [DEBUG] sdk.framework: Value switched to prior value due to semantic equality logic: tf_rpc=ReadDataSource tf_data_source_type=httpclient_request tf_attribute_path=url tf_req_id=f5f0bf9d-56e7-5416-fa72-6afd26b5eac8 tf_provider_addr=registry.terraform.io/hashicorp/httpclient
2025-12-20T18:54:04.588+0100 [DEBUG] sdk.framework: Value switched to prior value due to semantic equality logic: tf_rpc=ReadDataSource tf_data_source_type=httpclient_request tf_attribute_path=url tf_req_id=e7d0c994-0382-9d56-7f88-7c804b8a7757 tf_provider_addr=registry.terraform.io/hashicorp/httpclient
2025-12-20T18:54:04.622+0100 [DEBUG] sdk.helper_resource: Finished TestStep: test_step_number=1 test_name=TestAccRequestDataSource_basic test_terraform_path=/usr/local/bin/terraform test_working_directory=/tmp/plugintest2813131034
2025-12-20T18:54:04.689+0100 [DEBUG] sdk.helper_resource: Finished TestCase: test_name=TestAccRequestDataSource_basic
2025-12-20T18:54:04.689+0100 [DEBUG] sdk.helper_resource: Starting TestCase: test_name=TestAccRequestDataSource_postMethod
2025-12-20T18:54:04.689+0100 [DEBUG] sdk.helper_resource: Found Terraform CLI: test_name=TestAccRequestDataSource_postMethod test_terraform_path=/usr/local/bin/terraform
2025-12-20T18:54:04.759+0100 [DEBUG] sdk.helper_resource: Starting TestStep: test_working_directory=/tmp/plugintest3256855125 test_name=TestAccRequestDataSource_postMethod test_step_number=1 test_terraform_path=/usr/local/bin/terraform
2025-12-20T18:54:04.759+0100 [DEBUG] sdk.helper_resource: Running Terraform CLI plan and apply: test_step_number=1 test_terraform_path=/usr/local/bin/terraform test_working_directory=/tmp/plugintest3256855125 test_name=TestAccRequestDataSource_postMethod
2025-12-20T18:54:04.787+0100 [DEBUG] sdk.framework: Value switched to prior value due to semantic equality logic: tf_attribute_path=request_method tf_req_id=cd226a49-f673-bd5b-d562-f6f1a078e3de tf_provider_addr=registry.terraform.io/hashicorp/httpclient tf_rpc=ReadDataSource tf_data_source_type=httpclient_request
2025-12-20T18:54:04.787+0100 [DEBUG] sdk.framework: Value switched to prior value due to semantic equality logic: tf_data_source_type=httpclient_request tf_req_id=cd226a49-f673-bd5b-d562-f6f1a078e3de tf_provider_addr=registry.terraform.io/hashicorp/httpclient tf_rpc=ReadDataSource tf_attribute_path=request_body
2025-12-20T18:54:04.787+0100 [DEBUG] sdk.framework: Value switched to prior value due to semantic equality logic: tf_provider_addr=registry.terraform.io/hashicorp/httpclient tf_rpc=ReadDataSource tf_data_source_type=httpclient_request tf_req_id=cd226a49-f673-bd5b-d562-f6f1a078e3de tf_attribute_path=url
2025-12-20T18:54:04.848+0100 [DEBUG] sdk.helper_resource: Running Terraform CLI plan to check for perpetual differences: test_terraform_path=/usr/local/bin/terraform test_working_directory=/tmp/plugintest3256855125 test_name=TestAccRequestDataSource_postMethod test_step_number=1
2025-12-20T18:54:04.879+0100 [DEBUG] sdk.framework: Value switched to prior value due to semantic equality logic: tf_req_id=4020dea3-e5bc-3edb-41b6-27487577c869 tf_provider_addr=registry.terraform.io/hashicorp/httpclient tf_rpc=ReadDataSource tf_data_source_type=httpclient_request tf_attribute_path=request_method
2025-12-20T18:54:04.880+0100 [DEBUG] sdk.framework: Value switched to prior value due to semantic equality logic: tf_provider_addr=registry.terraform.io/hashicorp/httpclient tf_rpc=ReadDataSource tf_data_source_type=httpclient_request tf_attribute_path=request_body tf_req_id=4020dea3-e5bc-3edb-41b6-27487577c869
2025-12-20T18:54:04.880+0100 [DEBUG] sdk.framework: Value switched to prior value due to semantic equality logic: tf_rpc=ReadDataSource tf_data_source_type=httpclient_request tf_attribute_path=url tf_req_id=4020dea3-e5bc-3edb-41b6-27487577c869 tf_provider_addr=registry.terraform.io/hashicorp/httpclient
2025-12-20T18:54:04.946+0100 [DEBUG] sdk.framework: Value switched to prior value due to semantic equality logic: tf_provider_addr=registry.terraform.io/hashicorp/httpclient tf_rpc=ReadDataSource tf_data_source_type=httpclient_request tf_attribute_path=request_method tf_req_id=1cca2c71-fb82-dc70-0d80-09422b303f14
2025-12-20T18:54:04.946+0100 [DEBUG] sdk.framework: Value switched to prior value due to semantic equality logic: tf_provider_addr=registry.terraform.io/hashicorp/httpclient tf_rpc=ReadDataSource tf_data_source_type=httpclient_request tf_attribute_path=url tf_req_id=1cca2c71-fb82-dc70-0d80-09422b303f14
2025-12-20T18:54:04.946+0100 [DEBUG] sdk.framework: Value switched to prior value due to semantic equality logic: tf_attribute_path=request_body tf_req_id=1cca2c71-fb82-dc70-0d80-09422b303f14 tf_provider_addr=registry.terraform.io/hashicorp/httpclient tf_rpc=ReadDataSource tf_data_source_type=httpclient_request
2025-12-20T18:54:04.980+0100 [DEBUG] sdk.helper_resource: Finished TestStep: test_step_number=1 test_terraform_path=/usr/local/bin/terraform test_working_directory=/tmp/plugintest3256855125 test_name=TestAccRequestDataSource_postMethod
2025-12-20T18:54:05.043+0100 [DEBUG] sdk.helper_resource: Finished TestCase: test_name=TestAccRequestDataSource_postMethod
2025-12-20T18:54:05.044+0100 [DEBUG] sdk.helper_resource: Starting TestCase: test_name=TestAccRequestDataSource_headers
2025-12-20T18:54:05.044+0100 [DEBUG] sdk.helper_resource: Found Terraform CLI: test_name=TestAccRequestDataSource_headers test_terraform_path=/usr/local/bin/terraform
2025-12-20T18:54:05.109+0100 [DEBUG] sdk.helper_resource: Starting TestStep: test_name=TestAccRequestDataSource_headers test_terraform_path=/usr/local/bin/terraform test_working_directory=/tmp/plugintest4037181237 test_step_number=1
2025-12-20T18:54:05.109+0100 [DEBUG] sdk.helper_resource: Running Terraform CLI plan and apply: test_name=TestAccRequestDataSource_headers test_terraform_path=/usr/local/bin/terraform test_working_directory=/tmp/plugintest4037181237 test_step_number=1
2025-12-20T18:54:05.147+0100 [DEBUG] sdk.framework: Value switched to prior value due to semantic equality logic: tf_attribute_path=url tf_req_id=c45ea1c9-fb88-8f0a-a029-78e4faac4086 tf_provider_addr=registry.terraform.io/hashicorp/httpclient tf_rpc=ReadDataSource tf_data_source_type=httpclient_request
2025-12-20T18:54:05.148+0100 [DEBUG] sdk.framework: Value switched to prior value due to semantic equality logic: tf_rpc=ReadDataSource tf_data_source_type=httpclient_request tf_attribute_path="request_headers[\"X-Test\"]" tf_req_id=c45ea1c9-fb88-8f0a-a029-78e4faac4086 tf_provider_addr=registry.terraform.io/hashicorp/httpclient
2025-12-20T18:54:05.148+0100 [DEBUG] sdk.framework: Value switched to prior value due to semantic equality logic: tf_rpc=ReadDataSource tf_data_source_type=httpclient_request tf_attribute_path=request_headers tf_req_id=c45ea1c9-fb88-8f0a-a029-78e4faac4086 tf_provider_addr=registry.terraform.io/hashicorp/httpclient
2025-12-20T18:54:05.223+0100 [DEBUG] sdk.helper_resource: Running Terraform CLI plan to check for perpetual differences: test_step_number=1 test_name=TestAccRequestDataSource_headers test_terraform_path=/usr/local/bin/terraform test_working_directory=/tmp/plugintest4037181237
2025-12-20T18:54:05.257+0100 [DEBUG] sdk.framework: Value switched to prior value due to semantic equality logic: tf_attribute_path="request_headers[\"X-Test\"]" tf_provider_addr=registry.terraform.io/hashicorp/httpclient tf_rpc=ReadDataSource tf_req_id=b630d7e8-8029-0e9a-7c22-363a01c40691 tf_data_source_type=httpclient_request
2025-12-20T18:54:05.257+0100 [DEBUG] sdk.framework: Value switched to prior value due to semantic equality logic: tf_provider_addr=registry.terraform.io/hashicorp/httpclient tf_rpc=ReadDataSource tf_req_id=b630d7e8-8029-0e9a-7c22-363a01c40691 tf_data_source_type=httpclient_request tf_attribute_path=request_headers
2025-12-20T18:54:05.257+0100 [DEBUG] sdk.framework: Value switched to prior value due to semantic equality logic: tf_attribute_path=url tf_provider_addr=registry.terraform.io/hashicorp/httpclient tf_rpc=ReadDataSource tf_req_id=b630d7e8-8029-0e9a-7c22-363a01c40691 tf_data_source_type=httpclient_request
2025-12-20T18:54:05.317+0100 [DEBUG] sdk.framework: Value switched to prior value due to semantic equality logic: tf_provider_addr=registry.terraform.io/hashicorp/httpclient tf_rpc=ReadDataSource tf_data_source_type=httpclient_request tf_req_id=61e768c9-e2c6-8254-aeb6-46e0e7d1f4c6 tf_attribute_path="request_headers[\"X-Test\"]"
2025-12-20T18:54:05.318+0100 [DEBUG] sdk.framework: Value switched to prior value due to semantic equality logic: tf_data_source_type=httpclient_request tf_req_id=61e768c9-e2c6-8254-aeb6-46e0e7d1f4c6 tf_attribute_path=request_headers tf_provider_addr=registry.terraform.io/hashicorp/httpclient tf_rpc=ReadDataSource
2025-12-20T18:54:05.318+0100 [DEBUG] sdk.framework: Value switched to prior value due to semantic equality logic: tf_provider_addr=registry.terraform.io/hashicorp/httpclient tf_rpc=ReadDataSource tf_data_source_type=httpclient_request tf_attribute_path=url tf_req_id=61e768c9-e2c6-8254-aeb6-46e0e7d1f4c6
2025-12-20T18:54:05.352+0100 [DEBUG] sdk.helper_resource: Finished TestStep: test_name=TestAccRequestDataSource_headers test_terraform_path=/usr/local/bin/terraform test_working_directory=/tmp/plugintest4037181237 test_step_number=1
2025-12-20T18:54:05.415+0100 [DEBUG] sdk.helper_resource: Finished TestCase: test_name=TestAccRequestDataSource_headers
2025-12-20T18:54:05.416+0100 [DEBUG] sdk.helper_resource: Starting TestCase: test_name=TestAccRequestDataSource_basicAuth
2025-12-20T18:54:05.416+0100 [DEBUG] sdk.helper_resource: Found Terraform CLI: test_name=TestAccRequestDataSource_basicAuth test_terraform_path=/usr/local/bin/terraform
2025-12-20T18:54:05.481+0100 [DEBUG] sdk.helper_resource: Starting TestStep: test_terraform_path=/usr/local/bin/terraform test_working_directory=/tmp/plugintest3760084145 test_step_number=1 test_name=TestAccRequestDataSource_basicAuth
2025-12-20T18:54:05.482+0100 [DEBUG] sdk.helper_resource: Running Terraform CLI plan and apply: test_working_directory=/tmp/plugintest3760084145 test_step_number=1 test_name=TestAccRequestDataSource_basicAuth test_terraform_path=/usr/local/bin/terraform
2025-12-20T18:54:05.508+0100 [DEBUG] sdk.framework: Value switched to prior value due to semantic equality logic: tf_req_id=d25dacfd-02cb-acc4-dd34-5d65cd716411 tf_provider_addr=registry.terraform.io/hashicorp/httpclient tf_rpc=ReadDataSource tf_data_source_type=httpclient_request tf_attribute_path=url
2025-12-20T18:54:05.508+0100 [DEBUG] sdk.framework: Value switched to prior value due to semantic equality logic: tf_req_id=d25dacfd-02cb-acc4-dd34-5d65cd716411 tf_provider_addr=registry.terraform.io/hashicorp/httpclient tf_rpc=ReadDataSource tf_data_source_type=httpclient_request tf_attribute_path=password
2025-12-20T18:54:05.508+0100 [DEBUG] sdk.framework: Value switched to prior value due to semantic equality logic: tf_provider_addr=registry.terraform.io/hashicorp/httpclient tf_rpc=ReadDataSource tf_data_source_type=httpclient_request tf_attribute_path=username tf_req_id=d25dacfd-02cb-acc4-dd34-5d65cd716411
2025-12-20T18:54:05.569+0100 [DEBUG] sdk.helper_resource: Running Terraform CLI plan to check for perpetual differences: test_name=TestAccRequestDataSource_basicAuth test_terraform_path=/usr/local/bin/terraform test_working_directory=/tmp/plugintest3760084145 test_step_number=1
2025-12-20T18:54:05.600+0100 [DEBUG] sdk.framework: Value switched to prior value due to semantic equality logic: tf_req_id=e7b63099-5c1b-d789-eb81-ef05d737586d tf_provider_addr=registry.terraform.io/hashicorp/httpclient tf_rpc=ReadDataSource tf_data_source_type=httpclient_request tf_attribute_path=url
2025-12-20T18:54:05.600+0100 [DEBUG] sdk.framework: Value switched to prior value due to semantic equality logic: tf_rpc=ReadDataSource tf_data_source_type=httpclient_request tf_req_id=e7b63099-5c1b-d789-eb81-ef05d737586d tf_provider_addr=registry.terraform.io/hashicorp/httpclient tf_attribute_path=username
2025-12-20T18:54:05.600+0100 [DEBUG] sdk.framework: Value switched to prior value due to semantic equality logic: tf_provider_addr=registry.terraform.io/hashicorp/httpclient tf_rpc=ReadDataSource tf_data_source_type=httpclient_request tf_attribute_path=password tf_req_id=e7b63099-5c1b-d789-eb81-ef05d737586d
2025-12-20T18:54:05.659+0100 [DEBUG] sdk.framework: Value switched to prior value due to semantic equality logic: tf_req_id=efd86b78-81e1-8006-5374-fafb3947d80d tf_provider_addr=registry.terraform.io/hashicorp/httpclient tf_rpc=ReadDataSource tf_data_source_type=httpclient_request tf_attribute_path=url
2025-12-20T18:54:05.659+0100 [DEBUG] sdk.framework: Value switched to prior value due to semantic equality logic: tf_provider_addr=registry.terraform.io/hashicorp/httpclient tf_rpc=ReadDataSource tf_data_source_type=httpclient_request tf_attribute_path=password tf_req_id=efd86b78-81e1-8006-5374-fafb3947d80d
2025-12-20T18:54:05.659+0100 [DEBUG] sdk.framework: Value switched to prior value due to semantic equality logic: tf_data_source_type=httpclient_request tf_attribute_path=username tf_req_id=efd86b78-81e1-8006-5374-fafb3947d80d tf_provider_addr=registry.terraform.io/hashicorp/httpclient tf_rpc=ReadDataSource
2025-12-20T18:54:05.688+0100 [DEBUG] sdk.helper_resource: Finished TestStep: test_step_number=1 test_name=TestAccRequestDataSource_basicAuth test_terraform_path=/usr/local/bin/terraform test_working_directory=/tmp/plugintest3760084145
2025-12-20T18:54:05.745+0100 [DEBUG] sdk.helper_resource: Finished TestCase: test_name=TestAccRequestDataSource_basicAuth
2025-12-20T18:58:43.602+0100 [DEBUG] sdk.helper_resource: Starting TestCase: test_name=TestAccRequestDataSource_basic
2025-12-20T18:58:43.602+0100 [DEBUG] sdk.helper_resource: Found Terraform CLI: test_terraform_path=/usr/local/bin/terraform test_name=TestAccRequestDataSource_basic
2025-12-20T18:58:43.670+0100 [DEBUG] sdk.helper_resource: Starting TestStep: test_name=TestAccRequestDataSource_basic test_step_number=1 test_terraform_path=/usr/local/bin/terraform test_working_directory=/tmp/plugintest1723196646
2025-12-20T18:58:43.670+0100 [DEBUG] sdk.helper_resource: Running Terraform CLI plan and apply: test_terraform_path=/usr/local/bin/terraform test_working_directory=/tmp/plugintest1723196646 test_name=TestAccRequestDataSource_basic test_step_number=1
2025-12-20T18:58:43.699+0100 [DEBUG] sdk.framework: Value switched to prior value due to semantic equality logic: tf_provider_addr=registry.terraform.io/hashicorp/httpclient tf_rpc=ReadDataSource tf_data_source_type=httpclient_request tf_attribute_path=url tf_req_id=4b035835-dcd2-a69d-0e00-1b71a5ff26e4
2025-12-20T18:58:43.758+0100 [DEBUG] sdk.helper_resource: Running Terraform CLI plan to check for perpetual differences: test_name=TestAccRequestDataSource_basic test_step_number=1 test_terraform_path=/usr/local/bin/terraform test_working_directory=/tmp/plugintest1723196646
2025-12-20T18:58:43.784+0100 [DEBUG] sdk.framework: Value switched to prior value due to semantic equality logic: tf_rpc=ReadDataSource tf_data_source_type=httpclient_request tf_attribute_path=url tf_req_id=6aebc0e9-d4f5-3e8d-da20-aa6ecfb5c986 tf_provider_addr=registry.terraform.io/hashicorp/httpclient
2025-12-20T18:58:43.849+0100 [DEBUG] sdk.framework: Value switched to prior value due to semantic equality logic: tf_rpc=ReadDataSource tf_data_source_type=httpclient_request tf_req_id=a682e689-33c5-512e-0b15-92636c60f99d tf_attribute_path=url tf_provider_addr=registry.terraform.io/hashicorp/httpclient
2025-12-20T18:58:43.880+0100 [DEBUG] sdk.helper_resource: Finished TestStep: test_working_directory=/tmp/plugintest1723196646 test_name=TestAccRequestDataSource_basic test_step_number=1 test_terraform_path=/usr/local/bin/terraform
2025-12-20T18:58:43.936+0100 [DEBUG] sdk.helper_resource: Finished TestCase: test_name=TestAccRequestDataSource_basic
2025-12-20T18:58:43.937+0100 [DEBUG] sdk.helper_resource: Starting TestCase: test_name=TestAccRequestDataSource_postMethod
2025-12-20T18:58:43.937+0100 [DEBUG] sdk.helper_resource: Found Terraform CLI: test_name=TestAccRequestDataSource_postMethod test_terraform_path=/usr/local/bin/terraform
2025-12-20T18:58:44.000+0100 [DEBUG] sdk.helper_resource: Starting TestStep: test_working_directory=/tmp/plugintest3174716630 test_step_number=1 test_name=TestAccRequestDataSource_postMethod test_terraform_path=/usr/local/bin/terraform
2025-12-20T18:58:44.000+0100 [DEBUG] sdk.helper_resource: Running Terraform CLI plan and apply: test_terraform_path=/usr/local/bin/terraform test_working_directory=/tmp/plugintest3174716630 test_step_number=1 test_name=TestAccRequestDataSource_postMethod
2025-12-20T18:58:44.030+0100 [DEBUG] sdk.framework: Value switched to prior value due to semantic equality logic: tf_req_id=34c56410-192a-dfbd-655d-56cb9ad3cab5 tf_provider_addr=registry.terraform.io/hashicorp/httpclient tf_rpc=ReadDataSource tf_data_source_type=httpclient_request tf_attribute_path=url
2025-12-20T18:58:44.030+0100 [DEBUG] sdk.framework: Value switched to prior value due to semantic equality logic: tf_rpc=ReadDataSource tf_attribute_path=request_body tf_data_source_type=httpclient_request tf_req_id=34c56410-192a-dfbd-655d-56cb9ad3cab5 tf_provider_addr=registry.terraform.io/hashicorp/httpclient
2025-12-20T18:58:44.030+0100 [DEBUG] sdk.framework: Value switched to prior value due to semantic equality logic: tf_attribute_path=request_method tf_req_id=34c56410-192a-dfbd-655d-56cb9ad3cab5 tf_provider_addr=registry.terraform.io/hashicorp/httpclient tf_rpc=ReadDataSource tf_data_source_type=httpclient_request
2025-12-20T18:58:44.096+0100 [DEBUG] sdk.helper_resource: Running Terraform CLI plan to check for perpetual differences: test_terraform_path=/usr/local/bin/terraform test_working_directory=/tmp/plugintest3174716630 test_step_number=1 test_name=TestAccRequestDataSource_postMethod
2025-12-20T18:58:44.121+0100 [DEBUG] sdk.framework: Value switched to prior value due to semantic equality logic: tf_rpc=ReadDataSource tf_data_source_type=httpclient_request tf_req_id=4c39eda2-4430-56c2-30e1-2c93bc946d22 tf_provider_addr=registry.terraform.io/hashicorp/httpclient tf_attribute_path=request_body
2025-12-20T18:58:44.121+0100 [DEBUG] sdk.framework: Value switched to prior value due to semantic equality logic: tf_req_id=4c39eda2-4430-56c2-30e1-2c93bc946d22 tf_provider_addr=registry.terraform.io/hashicorp/httpclient tf_rpc=ReadDataSource tf_attribute_path=url tf_data_source_type=httpclient_request
2025-12-20T18:58:44.121+0100 [DEBUG] sdk.framework: Value switched to prior value due to semantic equality logic: tf_rpc=ReadDataSource tf_attribute_path=request_method tf_data_source_type=httpclient_request tf_req_id=4c39eda2-4430-56c2-30e1-2c93bc946d22 tf_provider_addr=registry.terraform.io/hashicorp/httpclient
2025-12-20T18:58:44.191+0100 [DEBUG] sdk.framework: Value switched to prior value due to semantic equality logic: tf_provider_addr=registry.terraform.io/hashicorp/httpclient tf_rpc=ReadDataSource tf_data_source_type=httpclient_request tf_attribute_path=url tf_req_id=3b977a04-35e3-04e1-e2b2-f8f168664ec5
2025-12-20T18:58:44.191+0100 [DEBUG] sdk.framework: Value switched to prior value due to semantic equality logic: tf_req_id=3b977a04-35e3-04e1-e2b2-f8f168664ec5 tf_provider_addr=registry.terraform.io/hashicorp/httpclient tf_rpc=ReadDataSource tf_data_source_type=httpclient_request tf_attribute_path=request_method
2025-12-20T18:58:44.191+0100 [DEBUG] sdk.framework: Value switched to prior value due to semantic equality logic: tf_req_id=3b977a04-35e3-04e1-e2b2-f8f168664ec5 tf_provider_addr=registry.terraform.io/hashicorp/httpclient tf_rpc=ReadDataSource tf_data_source_type=httpclient_request tf_attribute_path=request_body
2025-12-20T18:58:44.222+0100 [DEBUG] sdk.helper_resource: Finished TestStep: test_name=TestAccRequestDataSource_postMethod test_terraform_path=/usr/local/bin/terraform test_working_directory=/tmp/plugintest3174716630 test_step_number=1
2025-12-20T18:58:44.283+0100 [DEBUG] sdk.helper_resource: Finished TestCase: test_name=TestAccRequestDataSource_postMethod
2025-12-20T18:58:44.283+0100 [DEBUG] sdk.helper_resource: Starting TestCase: test_name=TestAccRequestDataSource_headers
2025-12-20T18:58:44.283+0100 [DEBUG] sdk.helper_resource: Found Terraform CLI: test_name=TestAccRequestDataSource_headers test_terraform_path=/usr/local/bin/terraform
2025-12-20T18:58:44.346+0100 [DEBUG] sdk.helper_resource: Starting TestStep: test_working_directory=/tmp/plugintest2083404671 test_name=TestAccRequestDataSource_headers test_terraform_path=/usr/local/bin/terraform test_step_number=1
2025-12-20T18:58:44.346+0100 [DEBUG] sdk.helper_resource: Running Terraform CLI plan and apply: test_working_directory=/tmp/plugintest2083404671 test_name=TestAccRequestDataSource_headers test_terraform_path=/usr/local/bin/terraform test_step_number=1
2025-12-20T18:58:44.373+0100 [DEBUG] sdk.framework: Value switched to prior value due to semantic equality logic: tf_data_source_type=httpclient_request tf_provider_addr=registry.terraform.io/hashicorp/httpclient tf_rpc=ReadDataSource tf_attribute_path="request_headers[\"X-Test\"]" tf_req_id=02fe3bae-c2ba-e3d4-0695-58111f7530ec
2025-12-20T18:58:44.373+0100 [DEBUG] sdk.framework: Value switched to prior value due to semantic equality logic: tf_req_id=02fe3bae-c2ba-e3d4-0695-58111f7530ec tf_data_source_type=httpclient_request tf_provider_addr=registry.terraform.io/hashicorp/httpclient tf_rpc=ReadDataSource tf_attribute_path=request_headers
2025-12-20T18:58:44.373+0100 [DEBUG] sdk.framework: Value switched to prior value due to semantic equality logic: tf_req_id=02fe3bae-c2ba-e3d4-0695-58111f7530ec tf_data_source_type=httpclient_request tf_attribute_path=url tf_provider_addr=registry.terraform.io/hashicorp/httpclient tf_rpc=ReadDataSource
2025-12-20T18:58:44.431+0100 [DEBUG] sdk.helper_resource: Running Terraform CLI plan to check for perpetual differences: test_terraform_path=/usr/local/bin/terraform test_step_number=1 test_working_directory=/tmp/plugintest2083404671 test_name=TestAccRequestDataSource_headers
2025-12-20T18:58:44.459+0100 [DEBUG] sdk.framework: Value switched to prior value due to semantic equality logic: tf_attribute_path="request_headers[\"X-Test\"]" tf_rpc=ReadDataSource tf_req_id=159bb5f4-912e-6c67-6015-8c3d4f281fe6 tf_provider_addr=registry.terraform.io/hashicorp/httpclient tf_data_source_type=httpclient_request
2025-12-20T18:58:44.459+0100 [DEBUG] sdk.framework: Value switched to prior value due to semantic equality logic: tf_attribute_path=request_headers tf_rpc=ReadDataSource tf_req_id=159bb5f4-912e-6c67-6015-8c3d4f281fe6 tf_provider_addr=registry.terraform.io/hashicorp/httpclient tf_data_source_type=httpclient_request
2025-12-20T18:58:44.459+0100 [DEBUG] sdk.framework: Value switched to prior value due to semantic equality logic: tf_rpc=ReadDataSource tf_req_id=159bb5f4-912e-6c67-6015-8c3d4f281fe6 tf_provider_addr=registry.terraform.io/hashicorp/httpclient tf_data_source_type=httpclient_request tf_attribute_path=url
2025-12-20T18:58:44.516+0100 [DEBUG] sdk.framework: Value switched to prior value due to semantic equality logic: tf_data_source_type=httpclient_request tf_attribute_path="request_headers[\"X-Test\"]" tf_req_id=42b3189e-2137-814f-f408-388ee31813e5 tf_provider_addr=registry.terraform.io/hashicorp/httpclient tf_rpc=ReadDataSource
2025-12-20T18:58:44.516+0100 [DEBUG] sdk.framework: Value switched to prior value due to semantic equality logic: tf_rpc=ReadDataSource tf_data_source_type=httpclient_request tf_attribute_path=request_headers tf_req_id=42b3189e-2137-814f-f408-388ee31813e5 tf_provider_addr=registry.terraform.io/hashicorp/httpclient
2025-12-20T18:58:44.516+0100 [DEBUG] sdk.framework: Value switched to prior value due to semantic equality logic: tf_req_id=42b3189e-2137-814f-f408-388ee31813e5 tf_provider_addr=registry.terraform.io/hashicorp/httpclient tf_rpc=ReadDataSource tf_data_source_type=httpclient_request tf_attribute_path=url
2025-12-20T18:58:44.542+0100 [DEBUG] sdk.helper_resource: Finished TestStep: test_name=TestAccRequestDataSource_headers test_terraform_path=/usr/local/bin/terraform test_step_number=1 test_working_directory=/tmp/plugintest2083404671
2025-12-20T18:58:44.594+0100 [DEBUG] sdk.helper_resource: Finished TestCase: test_name=TestAccRequestDataSource_headers
2025-12-20T18:58:44.595+0100 [DEBUG] sdk.helper_resource: Starting TestCase: test_name=TestAccRequestDataSource_basicAuth
2025-12-20T18:58:44.595+0100 [DEBUG] sdk.helper_resource: Found Terraform CLI: test_name=TestAccRequestDataSource_basicAuth test_terraform_path=/usr/local/bin/terraform
2025-12-20T18:58:44.648+0100 [DEBUG] sdk.helper_resource: Starting TestStep: test_name=TestAccRequestDataSource_basicAuth test_terraform_path=/usr/local/bin/terraform test_working_directory=/tmp/plugintest1602898790 test_step_number=1
2025-12-20T18:58:44.648+0100 [DEBUG] sdk.helper_resource: Running Terraform CLI plan and apply: test_terraform_path=/usr/local/bin/terraform test_working_directory=/tmp/plugintest1602898790 test_step_number=1 test_name=TestAccRequestDataSource_basicAuth
2025-12-20T18:58:44.673+0100 [DEBUG] sdk.framework: Value switched to prior value due to semantic equality logic: tf_rpc=ReadDataSource tf_data_source_type=httpclient_request tf_attribute_path=username tf_req_id=bea6ad5c-e414-a074-2460-4e6b838b88e5 tf_provider_addr=registry.terraform.io/hashicorp/httpclient
2025-12-20T18:58:44.673+0100 [DEBUG] sdk.framework: Value switched to prior value due to semantic equality logic: tf_attribute_path=password tf_req_id=bea6ad5c-e414-a074-2460-4e6b838b88e5 tf_provider_addr=registry.terraform.io/hashicorp/httpclient tf_rpc=ReadDataSource tf_data_source_type=httpclient_request
2025-12-20T18:58:44.673+0100 [DEBUG] sdk.framework: Value switched to prior value due to semantic equality logic: tf_provider_addr=registry.terraform.io/hashicorp/httpclient tf_rpc=ReadDataSource tf_data_source_type=httpclient_request tf_req_id=bea6ad5c-e414-a074-2460-4e6b838b88e5 tf_attribute_path=url
2025-12-20T18:58:44.729+0100 [DEBUG] sdk.helper_resource: Running Terraform CLI plan to check for perpetual differences: test_terraform_path=/usr/local/bin/terraform test_working_directory=/tmp/plugintest1602898790 test_step_number=1 test_name=TestAccRequestDataSource_basicAuth
2025-12-20T18:58:44.755+0100 [DEBUG] sdk.framework: Value switched to prior value due to semantic equality logic: tf_provider_addr=registry.terraform.io/hashicorp/httpclient tf_data_source_type=httpclient_request tf_rpc=ReadDataSource tf_req_id=62add38c-bbb2-ac8c-2759-2c3fc3e35927 tf_attribute_path=password
2025-12-20T18:58:44.755+0100 [DEBUG] sdk.framework: Value switched to prior value due to semantic equality logic: tf_data_source_type=httpclient_request tf_rpc=ReadDataSource tf_req_id=62add38c-bbb2-ac8c-2759-2c3fc3e35927 tf_attribute_path=username tf_provider_addr=registry.terraform.io/hashicorp/httpclient
2025-12-20T18:58:44.756+0100 [DEBUG] sdk.framework: Value switched to prior value due to semantic equality logic: tf_req_id=62add38c-bbb2-ac8c-2759-2c3fc3e35927 tf_attribute_path=url tf_provider_addr=registry.terraform.io/hashicorp/httpclient tf_data_source_type=httpclient_request tf_rpc=ReadDataSource
2025-12-20T18:58:44.812+0100 [DEBUG] sdk.framework: Value switched to prior value due to semantic equality logic: tf_provider_addr=registry.terraform.io/hashicorp/httpclient tf_rpc=ReadDataSource tf_attribute_path=password tf_data_source_type=httpclient_request tf_req_id=395c2433-3ffc-cf1d-2246-93005d37aba1
2025-12-20T18:58:44.812+0100 [DEBUG] sdk.framework: Value switched to prior value due to semantic equality logic: tf_provider_addr=registry.terraform.io/hashicorp/httpclient tf_rpc=ReadDataSource tf_data_source_type=httpclient_request tf_attribute_path=username tf_req_id=395c2433-3ffc-cf1d-2246-93005d37aba1
2025-12-20T18:58:44.812+0100 [DEBUG] sdk.framework: Value switched to prior value due to semantic equality logic: tf_req_id=395c2433-3ffc-cf1d-2246-93005d37aba1 tf_attribute_path=url tf_provider_addr=registry.terraform.io/hashicorp/httpclient tf_rpc=ReadDataSource tf_data_source_type=httpclient_request
2025-12-20T18:58:44.842+0100 [DEBUG] sdk.helper_resource: Finished TestStep: test_step_number=1 test_name=TestAccRequestDataSource_basicAuth test_terraform_path=/usr/local/bin/terraform test_working_directory=/tmp/plugintest1602898790
2025-12-20T18:58:44.892+0100 [DEBUG] sdk.helper_resource: Finished TestCase: test_name=TestAccRequestDataSource_basicAuth
2025-12-20T18:59:09.529+0100 [DEBUG] sdk.helper_resource: Starting TestCase: test_name=TestAccRequestDataSource_basic
2025-12-20T18:59:09.529+0100 [DEBUG] sdk.helper_resource: Found Terraform CLI: test_terraform_path=/usr/local/bin/terraform test_name=TestAccRequestDataSource_basic
2025-12-20T18:59:09.589+0100 [DEBUG] sdk.helper_resource: Starting TestStep: test_step_number=1 test_name=TestAccRequestDataSource_basic test_terraform_path=/usr/local/bin/terraform test_working_directory=/tmp/plugintest3727701513
2025-12-20T18:59:09.590+0100 [DEBUG] sdk.helper_resource: Running Terraform CLI plan and apply: test_working_directory=/tmp/plugintest3727701513 test_step_number=1 test_name=TestAccRequestDataSource_basic test_terraform_path=/usr/local/bin/terraform
2025-12-20T18:59:09.616+0100 [DEBUG] sdk.framework: Value switched to prior value due to semantic equality logic: tf_provider_addr=registry.terraform.io/hashicorp/httpclient tf_rpc=ReadDataSource tf_data_source_type=httpclient_request tf_attribute_path=url tf_req_id=0dda4937-e23c-6091-c337-a0f01136ad7b
2025-12-20T18:59:09.671+0100 [DEBUG] sdk.helper_resource: Running Terraform CLI plan to check for perpetual differences: test_working_directory=/tmp/plugintest3727701513 test_step_number=1 test_name=TestAccRequestDataSource_basic test_terraform_path=/usr/local/bin/terraform
2025-12-20T18:59:09.695+0100 [DEBUG] sdk.framework: Value switched to prior value due to semantic equality logic: tf_attribute_path=url tf_rpc=ReadDataSource tf_provider_addr=registry.terraform.io/hashicorp/httpclient tf_req_id=43eadcb1-6bbb-ffb8-8cf8-aa86c33204a6 tf_data_source_type=httpclient_request
2025-12-20T18:59:09.749+0100 [DEBUG] sdk.framework: Value switched to prior value due to semantic equality logic: tf_provider_addr=registry.terraform.io/hashicorp/httpclient tf_data_source_type=httpclient_request tf_attribute_path=url tf_rpc=ReadDataSource tf_req_id=13506e13-b851-6fc1-fda1-0f5b92cd033e
2025-12-20T18:59:09.777+0100 [DEBUG] sdk.helper_resource: Finished TestStep: test_step_number=1 test_name=TestAccRequestDataSource_basic test_terraform_path=/usr/local/bin/terraform test_working_directory=/tmp/plugintest3727701513
2025-12-20T18:59:09.825+0100 [DEBUG] sdk.helper_resource: Finished TestCase: test_name=TestAccRequestDataSource_basic
2025-12-20T18:59:09.826+0100 [DEBUG] sdk.helper_resource: Starting TestCase: test_name=TestAccRequestDataSource_postMethod
2025-12-20T18:59:09.826+0100 [DEBUG] sdk.helper_resource: Found Terraform CLI: test_name=TestAccRequestDataSource_postMethod test_terraform_path=/usr/local/bin/terraform
2025-12-20T18:59:09.884+0100 [DEBUG] sdk.helper_resource: Starting TestStep: test_step_number=1 test_terraform_path=/usr/local/bin/terraform test_working_directory=/tmp/plugintest4168389501 test_name=TestAccRequestDataSource_postMethod
2025-12-20T18:59:09.884+0100 [DEBUG] sdk.helper_resource: Running Terraform CLI plan and apply: test_step_number=1 test_terraform_path=/usr/local/bin/terraform test_working_directory=/tmp/plugintest4168389501 test_name=TestAccRequestDataSource_postMethod
2025-12-20T18:59:09.908+0100 [DEBUG] sdk.framework: Value switched to prior value due to semantic equality logic: tf_req_id=3e254bd2-b069-c479-6f82-cf693822a01f tf_attribute_path=request_body tf_provider_addr=registry.terraform.io/hashicorp/httpclient tf_rpc=ReadDataSource tf_data_source_type=httpclient_request
2025-12-20T18:59:09.908+0100 [DEBUG] sdk.framework: Value switched to prior value due to semantic equality logic: tf_provider_addr=registry.terraform.io/hashicorp/httpclient tf_rpc=ReadDataSource tf_attribute_path=url tf_data_source_type=httpclient_request tf_req_id=3e254bd2-b069-c479-6f82-cf693822a01f
2025-12-20T18:59:09.909+0100 [DEBUG] sdk.framework: Value switched to prior value due to semantic equality logic: tf_provider_addr=registry.terraform.io/hashicorp/httpclient tf_rpc=ReadDataSource tf_data_source_type=httpclient_request tf_attribute_path=request_method tf_req_id=3e254bd2-b069-c479-6f82-cf693822a01f
2025-12-20T18:59:09.960+0100 [DEBUG] sdk.helper_resource: Running Terraform CLI plan to check for perpetual differences: test_terraform_path=/usr/local/bin/terraform test_working_directory=/tmp/plugintest4168389501 test_name=TestAccRequestDataSource_postMethod test_step_number=1
2025-12-20T18:59:09.988+0100 [DEBUG] sdk.framework: Value switched to prior value due to semantic equality logic: tf_data_source_type=httpclient_request tf_req_id=2fe62146-7ed1-1999-796d-719b235f6fea tf_provider_addr=registry.terraform.io/hashicorp/httpclient tf_rpc=ReadDataSource tf_attribute_path=request_body
2025-12-20T18:59:09.988+0100 [DEBUG] sdk.framework: Value switched to prior value due to semantic equality logic: tf_data_source_type=httpclient_request tf_req_id=2fe62146-7ed1-1999-796d-719b235f6fea tf_attribute_path=url tf_provider_addr=registry.terraform.io/hashicorp/httpclient tf_rpc=ReadDataSource
2025-12-20T18:59:09.988+0100 [DEBUG] sdk.framework: Value switched to prior value due to semantic equality logic: tf_attribute_path=request_method tf_req_id=2fe62146-7ed1-1999-796d-719b235f6fea tf_provider_addr=registry.terraform.io/hashicorp/httpclient tf_rpc=ReadDataSource tf_data_source_type=httpclient_request
2025-12-20T18:59:10.047+0100 [DEBUG] sdk.framework: Value switched to prior value due to semantic equality logic: tf_rpc=ReadDataSource tf_attribute_path=request_body tf_data_source_type=httpclient_request tf_req_id=827698be-deb3-3d25-510b-3848934f17cf tf_provider_addr=registry.terraform.io/hashicorp/httpclient
2025-12-20T18:59:10.047+0100 [DEBUG] sdk.framework: Value switched to prior value due to semantic equality logic: tf_rpc=ReadDataSource tf_data_source_type=httpclient_request tf_req_id=827698be-deb3-3d25-510b-3848934f17cf tf_attribute_path=request_method tf_provider_addr=registry.terraform.io/hashicorp/httpclient
2025-12-20T18:59:10.047+0100 [DEBUG] sdk.framework: Value switched to prior value due to semantic equality logic: tf_data_source_type=httpclient_request tf_req_id=827698be-deb3-3d25-510b-3848934f17cf tf_provider_addr=registry.terraform.io/hashicorp/httpclient tf_rpc=ReadDataSource tf_attribute_path=url
2025-12-20T18:59:10.077+0100 [DEBUG] sdk.helper_resource: Finished TestStep: test_terraform_path=/usr/local/bin/terraform test_working_directory=/tmp/plugintest4168389501 test_name=TestAccRequestDataSource_postMethod test_step_number=1
2025-12-20T18:59:10.128+0100 [DEBUG] sdk.helper_resource: Finished TestCase: test_name=TestAccRequestDataSource_postMethod
2025-12-20T18:59:10.129+0100 [DEBUG] sdk.helper_resource: Starting TestCase: test_name=TestAccRequestDataSource_headers
2025-12-20T18:59:10.129+0100 [DEBUG] sdk.helper_resource: Found Terraform CLI: test_terraform_path=/usr/local/bin/terraform test_name=TestAccRequestDataSource_headers
2025-12-20T18:59:10.189+0100 [DEBUG] sdk.helper_resource: Starting TestStep: test_name=TestAccRequestDataSource_headers test_terraform_path=/usr/local/bin/terraform test_working_directory=/tmp/plugintest2395777693 test_step_number=1
2025-12-20T18:59:10.190+0100 [DEBUG] sdk.helper_resource: Running Terraform CLI plan and apply: test_name=TestAccRequestDataSource_headers test_terraform_path=/usr/local/bin/terraform test_working_directory=/tmp/plugintest2395777693 test_step_number=1
2025-12-20T18:59:10.217+0100 [DEBUG] sdk.framework: Value switched to prior value due to semantic equality logic: tf_attribute_path="request_headers[\"X-Test\"]" tf_rpc=ReadDataSource tf_data_source_type=httpclient_request tf_req_id=53a57269-e731-a320-0961-d8cd0f0fc1f1 tf_provider_addr=registry.terraform.io/hashicorp/httpclient
2025-12-20T18:59:10.217+0100 [DEBUG] sdk.framework: Value switched to prior value due to semantic equality logic: tf_provider_addr=registry.terraform.io/hashicorp/httpclient tf_attribute_path=request_headers tf_rpc=ReadDataSource tf_data_source_type=httpclient_request tf_req_id=53a57269-e731-a320-0961-d8cd0f0fc1f1
2025-12-20T18:59:10.217+0100 [DEBUG] sdk.framework: Value switched to prior value due to semantic equality logic: tf_data_source_type=httpclient_request tf_req_id=53a57269-e731-a320-0961-d8cd0f0fc1f1 tf_provider_addr=registry.terraform.io/hashicorp/httpclient tf_rpc=ReadDataSource tf_attribute_path=url
2025-12-20T18:59:10.268+0100 [DEBUG] sdk.helper_resource: Running Terraform CLI plan to check for perpetual differences: test_name=TestAccRequestDataSource_headers test_terraform_path=/usr/local/bin/terraform test_working_directory=/tmp/plugintest2395777693 test_step_number=1
2025-12-20T18:59:10.294+0100 [DEBUG] sdk.framework: Value switched to prior value due to semantic equality logic: tf_attribute_path=url tf_data_source_type=httpclient_request tf_req_id=463a3681-5e77-3161-8396-130a62117395 tf_provider_addr=registry.terraform.io/hashicorp/httpclient tf_rpc=ReadDataSource
2025-12-20T18:59:10.294+0100 [DEBUG] sdk.framework: Value switched to prior value due to semantic equality logic: tf_attribute_path="request_headers[\"X-Test\"]" tf_req_id=463a3681-5e77-3161-8396-130a62117395 tf_provider_addr=registry.terraform.io/hashicorp/httpclient tf_rpc=ReadDataSource tf_data_source_type=httpclient_request
2025-12-20T18:59:10.294+0100 [DEBUG] sdk.framework: Value switched to prior value due to semantic equality logic: tf_req_id=463a3681-5e77-3161-8396-130a62117395 tf_provider_addr=registry.terraform.io/hashicorp/httpclient tf_rpc=ReadDataSource tf_data_source_type=httpclient_request tf_attribute_path=request_headers
2025-12-20T18:59:10.346+0100 [DEBUG] sdk.framework: Value switched to prior value due to semantic equality logic: tf_data_source_type=httpclient_request tf_rpc=ReadDataSource tf_req_id=28f2f70a-db1f-4e89-1da7-4151dd987597 tf_provider_addr=registry.terraform.io/hashicorp/httpclient tf_attribute_path=url
2025-12-20T18:59:10.346+0100 [DEBUG] sdk.framework: Value switched to prior value due to semantic equality logic: tf_data_source_type=httpclient_request tf_rpc=ReadDataSource tf_req_id=28f2f70a-db1f-4e89-1da7-4151dd987597 tf_attribute_path="request_headers[\"X-Test\"]" tf_provider_addr=registry.terraform.io/hashicorp/httpclient
2025-12-20T18:59:10.346+0100 [DEBUG] sdk.framework: Value switched to prior value due to semantic equality logic: tf_data_source_type=httpclient_request tf_rpc=ReadDataSource tf_req_id=28f2f70a-db1f-4e89-1da7-4151dd987597 tf_attribute_path=request_headers tf_provider_addr=registry.terraform.io/hashicorp/httpclient
2025-12-20T18:59:10.373+0100 [DEBUG] sdk.helper_resource: Finished TestStep: test_terraform_path=/usr/local/bin/terraform test_working_directory=/tmp/plugintest2395777693 test_step_number=1 test_name=TestAccRequestDataSource_headers
2025-12-20T18:59:10.421+0100 [DEBUG] sdk.helper_resource: Finished TestCase: test_name=TestAccRequestDataSource_headers
2025-12-20T18:59:10.421+0100 [DEBUG] sdk.helper_resource: Starting TestCase: test_name=TestAccRequestDataSource_basicAuth
2025-12-20T18:59:10.421+0100 [DEBUG] sdk.helper_resource: Found Terraform CLI: test_name=TestAccRequestDataSource_basicAuth test_terraform_path=/usr/local/bin/terraform
2025-12-20T18:59:10.483+0100 [DEBUG] sdk.helper_resource: Starting TestStep: test_terraform_path=/usr/local/bin/terraform test_working_directory=/tmp/plugintest2944166868 test_step_number=1 test_name=TestAccRequestDataSource_basicAuth
2025-12-20T18:59:10.483+0100 [DEBUG] sdk.helper_resource: Running Terraform CLI plan and apply: test_step_number=1 test_name=TestAccRequestDataSource_basicAuth test_terraform_path=/usr/local/bin/terraform test_working_directory=/tmp/plugintest2944166868
2025-12-20T18:59:10.507+0100 [DEBUG] sdk.framework: Value switched to prior value due to semantic equality logic: tf_provider_addr=registry.terraform.io/hashicorp/httpclient tf_req_id=531fc8ce-066d-6b85-695d-1c146e18612c tf_attribute_path=url tf_rpc=ReadDataSource tf_data_source_type=httpclient_request
2025-12-20T18:59:10.507+0100 [DEBUG] sdk.framework: Value switched to prior value due to semantic equality logic: tf_provider_addr=registry.terraform.io/hashicorp/httpclient tf_req_id=531fc8ce-066d-6b85-695d-1c146e18612c tf_rpc=ReadDataSource tf_data_source_type=httpclient_request tf_attribute_path=username
2025-12-20T18:59:10.507+0100 [DEBUG] sdk.framework: Value switched to prior value due to semantic equality logic: tf_rpc=ReadDataSource tf_attribute_path=password tf_data_source_type=httpclient_request tf_provider_addr=registry.terraform.io/hashicorp/httpclient tf_req_id=531fc8ce-066d-6b85-695d-1c146e18612c
2025-12-20T18:59:10.556+0100 [DEBUG] sdk.helper_resource: Running Terraform CLI plan to check for perpetual differences: test_name=TestAccRequestDataSource_basicAuth test_terraform_path=/usr/local/bin/terraform test_working_directory=/tmp/plugintest2944166868 test_step_number=1
2025-12-20T18:59:10.582+0100 [DEBUG] sdk.framework: Value switched to prior value due to semantic equality logic: tf_attribute_path=password tf_req_id=eb46b2e8-f032-96a7-3f29-ba9a15b8e49d tf_provider_addr=registry.terraform.io/hashicorp/httpclient tf_rpc=ReadDataSource tf_data_source_type=httpclient_request
2025-12-20T18:59:10.582+0100 [DEBUG] sdk.framework: Value switched to prior value due to semantic equality logic: tf_attribute_path=username tf_rpc=ReadDataSource tf_data_source_type=httpclient_request tf_req_id=eb46b2e8-f032-96a7-3f29-ba9a15b8e49d tf_provider_addr=registry.terraform.io/hashicorp/httpclient
2025-12-20T18:59:10.582+0100 [DEBUG] sdk.framework: Value switched to prior value due to semantic equality logic: tf_req_id=eb46b2e8-f032-96a7-3f29-ba9a15b8e49d tf_provider_addr=registry.terraform.io/hashicorp/httpclient tf_rpc=ReadDataSource tf_data_source_type=httpclient_request tf_attribute_path=url
2025-12-20T18:59:10.637+0100 [DEBUG] sdk.framework: Value switched to prior value due to semantic equality logic: tf_req_id=5771a52e-b7f8-1418-75be-da2baf5d7bc4 tf_provider_addr=registry.terraform.io/hashicorp/httpclient tf_rpc=ReadDataSource tf_data_source_type=httpclient_request tf_attribute_path=username
2025-12-20T18:59:10.637+0100 [DEBUG] sdk.framework: Value switched to prior value due to semantic equality logic: tf_attribute_path=url tf_req_id=5771a52e-b7f8-1418-75be-da2baf5d7bc4 tf_provider_addr=registry.terraform.io/hashicorp/httpclient tf_rpc=ReadDataSource tf_data_source_type=httpclient_request
2025-12-20T18:59:10.637+0100 [DEBUG] sdk.framework: Value switched to prior value due to semantic equality logic: tf_attribute_path=password tf_req_id=5771a52e-b7f8-1418-75be-da2baf5d7bc4 tf_provider_addr=registry.terraform.io/hashicorp/httpclient tf_rpc=ReadDataSource tf_data_source_type=httpclient_request
2025-12-20T18:59:10.667+0100 [DEBUG] sdk.helper_resource: Finished TestStep: test_working_directory=/tmp/plugintest2944166868 test_step_number=1 test_name=TestAccRequestDataSource_basicAuth test_terraform_path=/usr/local/bin/terraform
2025-12-20T18:59:10.717+0100 [DEBUG] sdk.helper_resource: Finished TestCase: test_name=TestAccRequestDataSource_basicAuth
2025-12-20T18:59:27.739+0100 [DEBUG] sdk.helper_resource: Starting TestCase: test_name=TestAccRequestDataSource_basic
2025-12-20T18:59:27.739+0100 [DEBUG] sdk.helper_resource: Found Terraform CLI: test_name=TestAccRequestDataSource_basic test_terraform_path=/usr/local/bin/terraform
2025-12-20T18:59:27.816+0100 [DEBUG] sdk.helper_resource: Starting TestStep: test_step_number=1 test_name=TestAccRequestDataSource_basic test_terraform_path=/usr/local/bin/terraform test_working_directory=/tmp/plugintest1120335134
2025-12-20T18:59:27.816+0100 [DEBUG] sdk.helper_resource: Running Terraform CLI plan and apply: test_name=TestAccRequestDataSource_basic test_terraform_path=/usr/local/bin/terraform test_working_directory=/tmp/plugintest1120335134 test_step_number=1
2025-12-20T18:59:27.852+0100 [DEBUG] sdk.framework: Value switched to prior value due to semantic equality logic: tf_provider_addr=registry.terraform.io/hashicorp/httpclient tf_rpc=ReadDataSource tf_data_source_type=httpclient_request tf_req_id=94ef1171-ff64-2cec-8fc8-d3ed4e106ee5 tf_attribute_path=url
2025-12-20T18:59:27.915+0100 [DEBUG] sdk.helper_resource: Running Terraform CLI plan to check for perpetual differences: test_step_number=1 test_name=TestAccRequestDataSource_basic test_terraform_path=/usr/local/bin/terraform test_working_directory=/tmp/plugintest1120335134
2025-12-20T18:59:27.946+0100 [DEBUG] sdk.framework: Value switched to prior value due to semantic equality logic: tf_req_id=b2030a1f-7542-6fc5-10a8-a6a7ddba3bae tf_rpc=ReadDataSource tf_provider_addr=registry.terraform.io/hashicorp/httpclient tf_data_source_type=httpclient_request tf_attribute_path=url
2025-12-20T18:59:28.014+0100 [DEBUG] sdk.framework: Value switched to prior value due to semantic equality logic: tf_provider_addr=registry.terraform.io/hashicorp/httpclient tf_rpc=ReadDataSource tf_data_source_type=httpclient_request tf_attribute_path=url tf_req_id=60180114-8e73-c1ff-9f98-41a221a89048
2025-12-20T18:59:28.046+0100 [DEBUG] sdk.helper_resource: Finished TestStep: test_terraform_path=/usr/local/bin/terraform test_working_directory=/tmp/plugintest1120335134 test_step_number=1 test_name=TestAccRequestDataSource_basic
2025-12-20T18:59:28.106+0100 [DEBUG] sdk.helper_resource: Finished TestCase: test_name=TestAccRequestDataSource_basic
2025-12-20T18:59:28.107+0100 [DEBUG] sdk.helper_resource: Starting TestCase: test_name=TestAccRequestDataSource_postMethod
2025-12-20T18:59:28.107+0100 [DEBUG] sdk.helper_resource: Found Terraform CLI: test_name=TestAccRequestDataSource_postMethod test_terraform_path=/usr/local/bin/terraform
2025-12-20T18:59:28.173+0100 [DEBUG] sdk.helper_resource: Starting TestStep: test_name=TestAccRequestDataSource_postMethod test_terraform_path=/usr/local/bin/terraform test_working_directory=/tmp/plugintest3269959046 test_step_number=1
2025-12-20T18:59:28.173+0100 [DEBUG] sdk.helper_resource: Running Terraform CLI plan and apply: test_terraform_path=/usr/local/bin/terraform test_working_directory=/tmp/plugintest3269959046 test_step_number=1 test_name=TestAccRequestDataSource_postMethod
2025-12-20T18:59:28.203+0100 [DEBUG] sdk.framework: Value switched to prior value due to semantic equality logic: tf_attribute_path=request_method tf_provider_addr=registry.terraform.io/hashicorp/httpclient tf_req_id=49d5185d-f559-ef0c-350a-ace5077e388c tf_rpc=ReadDataSource tf_data_source_type=httpclient_request
2025-12-20T18:59:28.203+0100 [DEBUG] sdk.framework: Value switched to prior value due to semantic equality logic: tf_provider_addr=registry.terraform.io/hashicorp/httpclient tf_req_id=49d5185d-f559-ef0c-350a-ace5077e388c tf_attribute_path=url tf_rpc=ReadDataSource tf_data_source_type=httpclient_request
2025-12-20T18:59:28.203+0100 [DEBUG] sdk.framework: Value switched to prior value due to semantic equality logic: tf_rpc=ReadDataSource tf_data_source_type=httpclient_request tf_provider_addr=registry.terraform.io/hashicorp/httpclient tf_req_id=49d5185d-f559-ef0c-350a-ace5077e388c tf_attribute_path=request_body
2025-12-20T18:59:28.261+0100 [DEBUG] sdk.helper_resource: Running Terraform CLI plan to check for perpetual differences: test_step_number=1 test_name=TestAccRequestDataSource_postMethod test_terraform_path=/usr/local/bin/terraform test_working_directory=/tmp/plugintest3269959046
2025-12-20T18:59:28.291+0100 [DEBUG] sdk.framework: Value switched to prior value due to semantic equality logic: tf_attribute_path=url tf_rpc=ReadDataSource tf_provider_addr=registry.terraform.io/hashicorp/httpclient tf_req_id=042fc8ae-6e88-5601-c912-298e08f4f41d tf_data_source_type=httpclient_request
2025-12-20T18:59:28.291+0100 [DEBUG] sdk.framework: Value switched to prior value due to semantic equality logic: tf_attribute_path=request_body tf_rpc=ReadDataSource tf_provider_addr=registry.terraform.io/hashicorp/httpclient tf_req_id=042fc8ae-6e88-5601-c912-298e08f4f41d tf_data_source_type=httpclient_request
2025-12-20T18:59:28.291+0100 [DEBUG] sdk.framework: Value switched to prior value due to semantic equality logic: tf_data_source_type=httpclient_request tf_attribute_path=request_method tf_rpc=ReadDataSource tf_provider_addr=registry.terraform.io/hashicorp/httpclient tf_req_id=042fc8ae-6e88-5601-c912-298e08f4f41d
2025-12-20T18:59:28.350+0100 [DEBUG] sdk.framework: Value switched to prior value due to semantic equality logic: tf_provider_addr=registry.terraform.io/hashicorp/httpclient tf_attribute_path=url tf_data_source_type=httpclient_request tf_req_id=1e13d7c2-a5f5-6e64-30d9-b42ca94eb3d6 tf_rpc=ReadDataSource
2025-12-20T18:59:28.350+0100 [DEBUG] sdk.framework: Value switched to prior value due to semantic equality logic: tf_data_source_type=httpclient_request tf_req_id=1e13d7c2-a5f5-6e64-30d9-b42ca94eb3d6 tf_rpc=ReadDataSource tf_provider_addr=registry.terraform.io/hashicorp/httpclient tf_attribute_path=request_body
2025-12-20T18:59:28.350+0100 [DEBUG] sdk.framework: Value switched to prior value due to semantic equality logic: tf_rpc=ReadDataSource tf_provider_addr=registry.terraform.io/hashicorp/httpclient tf_data_source_type=httpclient_request tf_attribute_path=request_method tf_req_id=1e13d7c2-a5f5-6e64-30d9-b42ca94eb3d6
2025-12-20T18:59:28.382+0100 [DEBUG] sdk.helper_resource: Finished TestStep: test_name=TestAccRequestDataSource_postMethod test_terraform_path=/usr/local/bin/terraform test_working_directory=/tmp/plugintest3269959046 test_step_number=1
2025-12-20T18:59:28.440+0100 [DEBUG] sdk.helper_resource: Finished TestCase: test_name=TestAccRequestDataSource_postMethod
2025-12-20T18:59:28.440+0100 [DEBUG] sdk.helper_resource: Starting TestCase: test_name=TestAccRequestDataSource_headers
2025-12-20T18:59:28.441+0100 [DEBUG] sdk.helper_resource: Found Terraform CLI: test_name=TestAccRequestDataSource_headers test_terraform_path=/usr/local/bin/terraform
2025-12-20T18:59:28.501+0100 [DEBUG] sdk.helper_resource: Starting TestStep: test_step_number=1 test_name=TestAccRequestDataSource_headers test_terraform_path=/usr/local/bin/terraform test_working_directory=/tmp/plugintest1249765021
2025-12-20T18:59:28.501+0100 [DEBUG] sdk.helper_resource: Running Terraform CLI plan and apply: test_name=TestAccRequestDataSource_headers test_terraform_path=/usr/local/bin/terraform test_working_directory=/tmp/plugintest1249765021 test_step_number=1
2025-12-20T18:59:28.540+0100 [DEBUG] sdk.framework: Value switched to prior value due to semantic equality logic: tf_attribute_path="request_headers[\"X-Test\"]" tf_req_id=68e4c684-2128-6bb4-e67f-ee58f61c8751 tf_provider_addr=registry.terraform.io/hashicorp/httpclient tf_rpc=ReadDataSource tf_data_source_type=httpclient_request
2025-12-20T18:59:28.540+0100 [DEBUG] sdk.framework: Value switched to prior value due to semantic equality logic: tf_rpc=ReadDataSource tf_data_source_type=httpclient_request tf_attribute_path=request_headers tf_req_id=68e4c684-2128-6bb4-e67f-ee58f61c8751 tf_provider_addr=registry.terraform.io/hashicorp/httpclient
2025-12-20T18:59:28.540+0100 [DEBUG] sdk.framework: Value switched to prior value due to semantic equality logic: tf_rpc=ReadDataSource tf_data_source_type=httpclient_request tf_req_id=68e4c684-2128-6bb4-e67f-ee58f61c8751 tf_provider_addr=registry.terraform.io/hashicorp/httpclient tf_attribute_path=url
2025-12-20T18:59:28.605+0100 [DEBUG] sdk.helper_resource: Running Terraform CLI plan to check for perpetual differences: test_working_directory=/tmp/plugintest1249765021 test_step_number=1 test_name=TestAccRequestDataSource_headers test_terraform_path=/usr/local/bin/terraform
2025-12-20T18:59:28.635+0100 [DEBUG] sdk.framework: Value switched to prior value due to semantic equality logic: tf_attribute_path=url tf_provider_addr=registry.terraform.io/hashicorp/httpclient tf_rpc=ReadDataSource tf_data_source_type=httpclient_request tf_req_id=fe8bfdf1-cf0e-dcf2-9b57-d3f03583cca5
2025-12-20T18:59:28.635+0100 [DEBUG] sdk.framework: Value switched to prior value due to semantic equality logic: tf_provider_addr=registry.terraform.io/hashicorp/httpclient tf_rpc=ReadDataSource tf_data_source_type=httpclient_request tf_req_id=fe8bfdf1-cf0e-dcf2-9b57-d3f03583cca5 tf_attribute_path="request_headers[\"X-Test\"]"
2025-12-20T18:59:28.635+0100 [DEBUG] sdk.framework: Value switched to prior value due to semantic equality logic: tf_req_id=fe8bfdf1-cf0e-dcf2-9b57-d3f03583cca5 tf_attribute_path=request_headers tf_provider_addr=registry.terraform.io/hashicorp/httpclient tf_rpc=ReadDataSource tf_data_source_type=httpclient_request
2025-12-20T18:59:28.703+0100 [DEBUG] sdk.framework: Value switched to prior value due to semantic equality logic: tf_data_source_type=httpclient_request tf_req_id=23b4d30b-4203-bf6d-1649-7854bfb15cec tf_provider_addr=registry.terraform.io/hashicorp/httpclient tf_attribute_path=url tf_rpc=ReadDataSource
2025-12-20T18:59:28.703+0100 [DEBUG] sdk.framework: Value switched to prior value due to semantic equality logic: tf_rpc=ReadDataSource tf_data_source_type=httpclient_request tf_req_id=23b4d30b-4203-bf6d-1649-7854bfb15cec tf_attribute_path="request_headers[\"X-Test\"]" tf_provider_addr=registry.terraform.io/hashicorp/httpclient
2025-12-20T18:59:28.703+0100 [DEBUG] sdk.framework: Value switched to prior value due to semantic equality logic: tf_rpc=ReadDataSource tf_data_source_type=httpclient_request tf_req_id=23b4d30b-4203-bf6d-1649-7854bfb15cec tf_attribute_path=request_headers tf_provider_addr=registry.terraform.io/hashicorp/httpclient
2025-12-20T18:59:28.736+0100 [DEBUG] sdk.helper_resource: Finished TestStep: test_name=TestAccRequestDataSource_headers test_terraform_path=/usr/local/bin/terraform test_working_directory=/tmp/plugintest1249765021 test_step_number=1
2025-12-20T18:59:28.795+0100 [DEBUG] sdk.helper_resource: Finished TestCase: test_name=TestAccRequestDataSource_headers
2025-12-20T18:59:28.795+0100 [DEBUG] sdk.helper_resource: Starting TestCase: test_name=TestAccRequestDataSource_basicAuth
2025-12-20T18:59:28.796+0100 [DEBUG] sdk.helper_resource: Found Terraform CLI: test_terraform_path=/usr/local/bin/terraform test_name=TestAccRequestDataSource_basicAuth
2025-12-20T18:59:28.857+0100 [DEBUG] sdk.helper_resource: Starting TestStep: test_working_directory=/tmp/plugintest1085729357 test_name=TestAccRequestDataSource_basicAuth test_terraform_path=/usr/local/bin/terraform test_step_number=1
2025-12-20T18:59:28.857+0100 [DEBUG] sdk.helper_resource: Running Terraform CLI plan and apply: test_step_number=1 test_working_directory=/tmp/plugintest1085729357 test_name=TestAccRequestDataSource_basicAuth test_terraform_path=/usr/local/bin/terraform
2025-12-20T18:59:28.887+0100 [DEBUG] sdk.framework: Value switched to prior value due to semantic equality logic: tf_attribute_path=username tf_provider_addr=registry.terraform.io/hashicorp/httpclient tf_req_id=78bc573e-7e4e-2c6a-b5f4-30cecdafedbb tf_rpc=ReadDataSource tf_data_source_type=httpclient_request
2025-12-20T18:59:28.887+0100 [DEBUG] sdk.framework: Value switched to prior value due to semantic equality logic: tf_req_id=78bc573e-7e4e-2c6a-b5f4-30cecdafedbb tf_rpc=ReadDataSource tf_data_source_type=httpclient_request tf_attribute_path=password tf_provider_addr=registry.terraform.io/hashicorp/httpclient
2025-12-20T18:59:28.887+0100 [DEBUG] sdk.framework: Value switched to prior value due to semantic equality logic: tf_provider_addr=registry.terraform.io/hashicorp/httpclient tf_req_id=78bc573e-7e4e-2c6a-b5f4-30cecdafedbb tf_rpc=ReadDataSource tf_data_source_type=httpclient_request tf_attribute_path=url
2025-12-20T18:59:28.949+0100 [DEBUG] sdk.helper_resource: Running Terraform CLI plan to check for perpetual differences: test_name=TestAccRequestDataSource_basicAuth test_terraform_path=/usr/local/bin/terraform test_step_number=1 test_working_directory=/tmp/plugintest1085729357
2025-12-20T18:59:28.978+0100 [DEBUG] sdk.framework: Value switched to prior value due to semantic equality logic: tf_attribute_path=password tf_provider_addr=registry.terraform.io/hashicorp/httpclient tf_rpc=ReadDataSource tf_data_source_type=httpclient_request tf_req_id=16599f73-19a4-c666-0a5b-947582398fab
2025-12-20T18:59:28.978+0100 [DEBUG] sdk.framework: Value switched to prior value due to semantic equality logic: tf_provider_addr=registry.terraform.io/hashicorp/httpclient tf_rpc=ReadDataSource tf_attribute_path=url tf_data_source_type=httpclient_request tf_req_id=16599f73-19a4-c666-0a5b-947582398fab
2025-12-20T18:59:28.978+0100 [DEBUG] sdk.framework: Value switched to prior value due to semantic equality logic: tf_rpc=ReadDataSource tf_data_source_type=httpclient_request tf_req_id=16599f73-19a4-c666-0a5b-947582398fab tf_provider_addr=registry.terraform.io/hashicorp/httpclient tf_attribute_path=username
2025-12-20T18:59:29.047+0100 [DEBUG] sdk.framework: Value switched to prior value due to semantic equality logic: tf_attribute_path=username tf_provider_addr=registry.terraform.io/hashicorp/httpclient tf_req_id=8d41fee7-d0ef-6cf5-ed5f-9a483b1c543d tf_rpc=ReadDataSource tf_data_source_type=httpclient_request
2025-12-20T18:59:29.047+0100 [DEBUG] sdk.framework: Value switched to prior value due to semantic equality logic: tf_rpc=ReadDataSource tf_data_source_type=httpclient_request tf_provider_addr=registry.terraform.io/hashicorp/httpclient tf_req_id=8d41fee7-d0ef-6cf5-ed5f-9a483b1c543d tf_attribute_path=password
2025-12-20T18:59:29.047+0100 [DEBUG] sdk.framework: Value switched to prior value due to semantic equality logic: tf_provider_addr=registry.terraform.io/hashicorp/httpclient tf_req_id=8d41fee7-d0ef-6cf5-ed5f-9a483b1c543d tf_rpc=ReadDataSource tf_data_source_type=httpclient_request tf_attribute_path=url
2025-12-20T18:59:29.081+0100 [DEBUG] sdk.helper_resource: Finished TestStep: test_working_directory=/tmp/plugintest1085729357 test_name=TestAccRequestDataSource_basicAuth test_terraform_path=/usr/local/bin/terraform test_step_number=1
2025-12-20T18:59:29.147+0100 [DEBUG] sdk.helper_resource: Finished TestCase: test_name=TestAccRequestDataSource_basicAuth
